2022/06/29 06:33:47 Starting GoShelly server...
2022/06/29 06:33:47 MODE: DEMO
2022/06/29 06:33:47 PORT: 443
2022/06/29 06:33:47 CMDSTORUN:  [ls uname -a whoami pwd env]
2022/06/29 06:33:47 SSLEMAIL: goshellydemo@araalinetworks.com
2022/06/29 06:33:47 SLACKEN:  true
2022/06/29 06:33:47 EMAILEN:  false
2022/06/29 06:33:47 NOTEMAIL: all@araalinetworks.com
---
2022/06/29 06:33:47 Generating SSL Certificate.
2022/06/29 06:33:47 Email Verified. True.
2022/06/29 06:33:47 Loading SSL Certificates
2022/06/29 06:33:47 Server Listening on port: 443
---
2022/06/29 06:34:07 Client accepted: 127.0.0.1:51183
2022/06/29 06:34:07 SSL ok=true
2022/06/29 06:34:07 Handling Client:  127.0.0.1:51183
2022/06/29 06:34:17 Notifying Slack.
2022/06/29 06:34:18 ERROR:  <nil>
2022/06/29 06:34:18 HTTPSTATUSCODE: 403. Could not send Slack notification. Disabling Slack notifications until restart.
